REGISTER	1	password	0xe0d55ea3928eL	192.168.1.10	51866 
REGISTER	1	password	0xe0d55ea3928eL	192.168.1.10	51866 
REGISTER	1	password	0xe0d55ea3928eL	192.168.1.10	51866 
REGISTER	1	password	0xe0d55ea3928eL	192.168.1.10	51866 
ACK	00	1	1551683770.59	d4b2b792033d5140c4c9280f5f056a98f1813b87280f3f05846fbd3d9ed27b0b 
LOGIN	1	password	192.168.1.10	51866 
ACK	70	1	1551683774.67	1c88429010cdcde0ba2c64946a96831e200bb46dec45e44fe512a4e5fb2ccd97 
QUERY	0	1	1551683774.67 
DATA	Binary As String	1	1551683772.81	7	1010101 
DATA	Binary As String	1	1551683772.81	7	1010101 
ACK	50	1	1551683774.72	59fbc66a152683007623e9e3fc68b4649b988d565e68875437b66ba2780eca59 
LOGOFF	1 
ACK	31	1	1551683884.46	0a38827ecb9c61c7f2f56e96e09d60a5c1225bacee31d74534d5ee5905c3044d 
DEREGISTER	1	password	0xe0d55ea3928eL	192.168.1.10	51866 
ACK	20	1	1551683902.76	ab1e6e39b1e467e1266bbf1c6b62f04f72025b283a7f83a7558c1ed1567dac15 
DEREGISTER	1	password	0xe0d55ea3928eL	192.168.1.10	51866 
ACK	21	1	1551683907.49	ab1e6e39b1e467e1266bbf1c6b62f04f72025b283a7f83a7558c1ed1567dac15 
REGISTER	1	password	0xe0d55ea3928eL	192.168.1.10	51866 
ACK	00	1	1551684373.65	d4b2b792033d5140c4c9280f5f056a98f1813b87280f3f05846fbd3d9ed27b0b 
DEREGISTER	1	password	0xe0d55ea3928eL	192.168.1.10	51866 
ACK	20	1	1551684376.93	ab1e6e39b1e467e1266bbf1c6b62f04f72025b283a7f83a7558c1ed1567dac15 
REGISTER	1	password	0xe0d55ea3928eL	192.168.1.10	51866 
ACK	00	1	1551684378.31	d4b2b792033d5140c4c9280f5f056a98f1813b87280f3f05846fbd3d9ed27b0b 
REGISTER	1	password	0xe0d55ea3928eL	192.168.1.10	51866 
ACK	01	1	1551684379.42	d4b2b792033d5140c4c9280f5f056a98f1813b87280f3f05846fbd3d9ed27b0b 
LOGIN	1	password	192.168.1.10	51866 
ACK	70	1	1551684382.83	1c88429010cdcde0ba2c64946a96831e200bb46dec45e44fe512a4e5fb2ccd97 
QUERY	0	1	1551684382.83 
DATA	Binary As String	1	1551684380.96	6	101001 
DATA	Binary As String	1	1551684380.96	6	101001 
ACK	50	1	1551684382.87	d57e28ff2862aa09650c6853edf58a5a90346b55ed88710640f5f1d195e3e007 
LOGOFF	1 
ACK	31	1	1551684394.6	0a38827ecb9c61c7f2f56e96e09d60a5c1225bacee31d74534d5ee5905c3044d 
LOGOFF	1 
ACK	31	1	1551684395.86	0a38827ecb9c61c7f2f56e96e09d60a5c1225bacee31d74534d5ee5905c3044d 
LOGOFF	1 
ACK	31	1	1551684402.58	0a38827ecb9c61c7f2f56e96e09d60a5c1225bacee31d74534d5ee5905c3044d 
DEREGISTER	1	password	0xe0d55ea3928eL	192.168.1.10	51866 
ACK	20	1	1551684418.66	ab1e6e39b1e467e1266bbf1c6b62f04f72025b283a7f83a7558c1ed1567dac15 
DEREGISTER	1	password	0xe0d55ea3928eL	192.168.1.10	51866 
ACK	21	1	1551684420.49	ab1e6e39b1e467e1266bbf1c6b62f04f72025b283a7f83a7558c1ed1567dac15 
DEREGISTER	1	password	0xe0d55ea3928eL	192.168.1.10	51866 
ACK	21	1	1551684421.15	ab1e6e39b1e467e1266bbf1c6b62f04f72025b283a7f83a7558c1ed1567dac15 
REGISTER	1	password	0xe0d55ea3928eL
 
REGISTER	1	password	0xe0d55ea3928eL
 
REGISTER	1	password	0xe0d55ea3928eL
 
REGISTER	1	password	0xe0d55ea3928eL
 
REGISTER	1	password	0xe0d55ea3928eL
 
REGISTER	1	password	0xe0d55ea3928eL
 
REGISTER	1	password	0xe0d55ea3928eL
 
REGISTER	1	password	0xe0d55ea3928eL
 
REGISTER	1	password	0xe0d55ea3928eL
 
REGISTER	1	password	0xe0d55ea3928eL
 
REGISTER	1	password	0xe0d55ea3928eL
 
REGISTER	1	password	0xe0d55ea3928eL
 
DEREGISTER	1	password	0xe0d55ea3928eL
 
REGISTER	1	password	0xe0d55ea3928eL
 
DEREGISTER	1	password	0xe0d55ea3928eL
 
REGISTER	1	password	0xe0d55ea3928eL
 
REGISTER	1	password	0xe0d55ea3928eL
 
DEREGISTER	1	password	0xe0d55ea3928eL
 
REGISTER	1	password	0xe0d55ea3928eL
 
DEREGISTER	1	password	0xe0d55ea3928eL
 
REGISTER	1	password	0xe0d55ea3928eL
 
REGISTER	1	password	0xe0d55ea3928eL
 
REGISTER	1	password	0xe0d55ea3928eL
 
REGISTER	1	password	0xe0d55ea3928eL
 
REGISTER	1	password	0xe0d55ea3928eL
 
REGISTER	1	password	0xe0d55ea3928eL
 
REGISTER	1	password	0xe0d55ea3928eL
 
DEREGISTER	1	password	0xe0d55ea3928eL
 
REGISTER	1	password	0xe0d55ea3928eL
 
DEREGISTER	1	password	0xe0d55ea3928eL
 
DEREGISTER	1	password	0xe0d55ea3928eL
 
REGISTER	1	password	0xe0d55ea3928eL
 
DEREGISTER	1	password	0xe0d55ea3928eL
 
REGISTER	1	password	0xe0d55ea3928eL
 
DEREGISTER	1	password	0xe0d55ea3928eL
 
DEREGISTER	1	password	0xe0d55ea3928eL
 
DEREGISTER	1	password	0xe0d55ea3928eL
 
DEREGISTER	1	password	0xe0d55ea3928eL
 
DEREGISTER	1	password	0xe0d55ea3928eL
 
DEREGISTER	1	password	0xe0d55ea3928eL
 
DEREGISTER	1	password	0xe0d55ea3928eL
 
DEREGISTER	1	password	0xe0d55ea3928eL
 
REGISTER	1	password	0xe0d55ea3928eL
 
REGISTER	1	password	0xe0d55ea3928eL
 
REGISTER	1	password	0xe0d55ea3928eL
 
REGISTER	1	password	0xe0d55ea3928eL
 
REGISTER	1	password	0xe0d55ea3928eL
 
REGISTER	1	password	0xe0d55ea3928eL
 
DEREGISTER	1	password	0xe0d55ea3928eL
 
REGISTER	1	password	0xe0d55ea3928eL
 
REGISTER	1	password	0xe0d55ea3928eL
 
REGISTER	1	password	0xe0d55ea3928eL
 
REGISTER	1	password	0xe0d55ea3928eL
 
REGISTER	1	password	0xe0d55ea3928eL
 
REGISTER	1	password	0xe0d55ea3928eL
 
REGISTER	1	password	0xe0d55ea3928eL
 
DEREGISTER	1	password	0xe0d55ea3928eL
 
REGISTER	1	password	0xe0d55ea3928eL
 
REGISTER	1	password	0xe0d55ea3928eL
 
REGISTER	1	password	0xe0d55ea3928eL
 
DEREGISTER	1	password	0xe0d55ea3928eL
 
REGISTER	1	password	0xe0d55ea3928eL
 
DEREGISTER	1	password	0xe0d55ea3928eL
 
DEREGISTER	1	password	0xe0d55ea3928eL
 
REGISTER	1	password	0xe0d55ea3928eL
 
DEREGISTER	1	password	0xe0d55ea3928eL
 
REGISTER	1	password	0xe0d55ea3928eL
 
DEREGISTER	1	password	0xe0d55ea3928eL
 
REGISTER	1	password	0xe0d55ea3928eL
 
REGISTER	1	password	0xe0d55ea3928eL
 
DEREGISTER	1	password	0xe0d55ea3928eL
 
REGISTER	1	password	0xe0d55ea3928eL
 
REGISTER	1	password	0xe0d55ea3928eL
 
DEREGISTER	1	password	0xe0d55ea3928eL
 
REGISTER	1	password	0xe0d55ea3928eL
 
REGISTER	1	password	0xe0d55ea3928eL
 
DEREGISTER	1	password	0xe0d55ea3928eL
 
REGISTER	1	password	0xe0d55ea3928eL
 
DEREGISTER	1	password	0xe0d55ea3928eL
 
REGISTER	1	password	0xe0d55ea3928eL
 
REGISTER	1	password	0xe0d55ea3928eL
 
REGISTER	1	password	0xe0d55ea3928eL
 
DEREGISTER	1	password	0xe0d55ea3928eL
 
REGISTER	1	password	0xe0d55ea3928eL
 
REGISTER	1	password	0xe0d55ea3928eL
 
DEREGISTER	1	password	0xe0d55ea3928eL
 
DEREGISTER	1	password	0xe0d55ea3928eL
 
REGISTER	1	password	0xe0d55ea3928eL
 
