1 devices in kripash
server 
67.0 total temp in kripash
server 
1 devices in kripash
server 
67.0 total temp in kripash
server 
1 devices in kripash
server 
67.0 total temp in kripash
server 
1 devices in kripash
server 
67.0 total temp in kripash
server 
1 devices in kripash
server 
67.0 total temp in kripash
server 
1 devices in kripash
server 
67.0 total temp in kripash
server 
1 devices in kripash
server 
67.0 total temp in kripash
server 
1 devices in kripash
server 
67.0 total temp in kripash
server 
1 devices in kripash
server 
67.0 total temp in kripash
server 
1 devices in kripash
server 
67.0 total temp in kripash
server 
No Devices Logged in at time 1557645010.53 
1 devices in kripash
server 
67.0 total temp in kripash
server 
1 devices in kripash
server 
67.0 total temp in kripash
server 
No Devices Logged in at time 1557645089.54 
Sent Email to: kripashcpelab@gmail.comwith message: a3JpcGFzaAotLS0tLUJFR0lOIFBVQkxJQyBLRVktLS0tLQpNSUlCSWpBTkJna3Foa2lHOXcwQkFRRUZBQU9DQVE4QU1JSUJDZ0tDQVFFQXJaRWk4K1R2amp5ZGVVU1lHU2dZCnZqWGkwbW1zVzloaFc3Y08zMkl6aVJDRnN3enBWOWN2Sm81Wnh0QkpEaDl4TlUrK1lVQnpMcmh4YXNzSFFmbmoKNUp6REQ3Z3R5ejhnODVjMmY5RktWTGt2Q1krM04wSjBPLy9pN1lYYTh5Q25tV3k0emwvMWV0cUhFcmhHM3dHcQpBOThUT0NXSjlyd3c3dHRZaHNwd3lyREFZYkJSRklac0NnenBURkpKN1BaZjRwUHNtN2JMNllXcmtiUjVjMlArCnFTd05aaWE5dnI1ZTRDTXZTVUZ0czFmQUxVL285NHo3TWwzd05aOVozNFZiRFFSbi9mQUduSGNUdmhXamJVQjYKOEs1QkVvQUFGdVd3eGNuNENNQnhFR1JBKzB0ZURkOWQxeGppQndNczFnN0lIS3JWMVg3OW1CejZ4RkJvTzRmSwp5UUlEQVFBQgotLS0tLUVORCBQVUJMSUMgS0VZLS0tLS0KL2NwZV9sYWJfNS8KMC1vR2F0dWdTSkFBQUFBQUFBQUFDUnl4Y0hHeEtwQlVsR0dEUVlUdkZtWWtiN0lMY2drXzU2UGpLVU40OURoMQ== 
1 devices in kripash
server 
67.0 total temp in kripash
server 
No Devices Logged in at time 1557645119.84 
Sent Email to: kripashcpelab@gmail.comwith message: a3JpcGFzaAotLS0tLUJFR0lOIFBVQkxJQyBLRVktLS0tLQpNSUlCSWpBTkJna3Foa2lHOXcwQkFRRUZBQU9DQVE4QU1JSUJDZ0tDQVFFQXJaRWk4K1R2amp5ZGVVU1lHU2dZCnZqWGkwbW1zVzloaFc3Y08zMkl6aVJDRnN3enBWOWN2Sm81Wnh0QkpEaDl4TlUrK1lVQnpMcmh4YXNzSFFmbmoKNUp6REQ3Z3R5ejhnODVjMmY5RktWTGt2Q1krM04wSjBPLy9pN1lYYTh5Q25tV3k0emwvMWV0cUhFcmhHM3dHcQpBOThUT0NXSjlyd3c3dHRZaHNwd3lyREFZYkJSRklac0NnenBURkpKN1BaZjRwUHNtN2JMNllXcmtiUjVjMlArCnFTd05aaWE5dnI1ZTRDTXZTVUZ0czFmQUxVL285NHo3TWwzd05aOVozNFZiRFFSbi9mQUduSGNUdmhXamJVQjYKOEs1QkVvQUFGdVd3eGNuNENNQnhFR1JBKzB0ZURkOWQxeGppQndNczFnN0lIS3JWMVg3OW1CejZ4RkJvTzRmSwp5UUlEQVFBQgotLS0tLUVORCBQVUJMSUMgS0VZLS0tLS0KL2NwZV9sYWJfNS8KMC1vR2F0dWdTSkFBQUFBQUFBQUFDUnl4Y0hHeEtwQlVsR0dEUVlUdkZtWWtiN0lMY2drXzU2UGpLVU40OURoMQ== 
1 devices in kripash
server 
67.0 total temp in kripash
server 
No Devices Logged in at time 1557645150.16 
Sent Email to: kripashcpelab@gmail.comwith message: a3JpcGFzaAotLS0tLUJFR0lOIFBVQkxJQyBLRVktLS0tLQpNSUlCSWpBTkJna3Foa2lHOXcwQkFRRUZBQU9DQVE4QU1JSUJDZ0tDQVFFQXJaRWk4K1R2amp5ZGVVU1lHU2dZCnZqWGkwbW1zVzloaFc3Y08zMkl6aVJDRnN3enBWOWN2Sm81Wnh0QkpEaDl4TlUrK1lVQnpMcmh4YXNzSFFmbmoKNUp6REQ3Z3R5ejhnODVjMmY5RktWTGt2Q1krM04wSjBPLy9pN1lYYTh5Q25tV3k0emwvMWV0cUhFcmhHM3dHcQpBOThUT0NXSjlyd3c3dHRZaHNwd3lyREFZYkJSRklac0NnenBURkpKN1BaZjRwUHNtN2JMNllXcmtiUjVjMlArCnFTd05aaWE5dnI1ZTRDTXZTVUZ0czFmQUxVL285NHo3TWwzd05aOVozNFZiRFFSbi9mQUduSGNUdmhXamJVQjYKOEs1QkVvQUFGdVd3eGNuNENNQnhFR1JBKzB0ZURkOWQxeGppQndNczFnN0lIS3JWMVg3OW1CejZ4RkJvTzRmSwp5UUlEQVFBQgotLS0tLUVORCBQVUJMSUMgS0VZLS0tLS0KL2NwZV9sYWJfNS8KMC1vR2F0dWdTSkFBQUFBQUFBQUFDUnl4Y0hHeEtwQlVsR0dEUVlUdkZtWWtiN0lMY2drXzU2UGpLVU40OURoMQ== 
1 devices in kripash
server 
67.0 total temp in kripash
server 
No Devices Logged in at time 1557645180.48 
Sent Email to: kripashcpelab@gmail.comwith message: a3JpcGFzaAotLS0tLUJFR0lOIFBVQkxJQyBLRVktLS0tLQpNSUlCSWpBTkJna3Foa2lHOXcwQkFRRUZBQU9DQVE4QU1JSUJDZ0tDQVFFQXJaRWk4K1R2amp5ZGVVU1lHU2dZCnZqWGkwbW1zVzloaFc3Y08zMkl6aVJDRnN3enBWOWN2Sm81Wnh0QkpEaDl4TlUrK1lVQnpMcmh4YXNzSFFmbmoKNUp6REQ3Z3R5ejhnODVjMmY5RktWTGt2Q1krM04wSjBPLy9pN1lYYTh5Q25tV3k0emwvMWV0cUhFcmhHM3dHcQpBOThUT0NXSjlyd3c3dHRZaHNwd3lyREFZYkJSRklac0NnenBURkpKN1BaZjRwUHNtN2JMNllXcmtiUjVjMlArCnFTd05aaWE5dnI1ZTRDTXZTVUZ0czFmQUxVL285NHo3TWwzd05aOVozNFZiRFFSbi9mQUduSGNUdmhXamJVQjYKOEs1QkVvQUFGdVd3eGNuNENNQnhFR1JBKzB0ZURkOWQxeGppQndNczFnN0lIS3JWMVg3OW1CejZ4RkJvTzRmSwp5UUlEQVFBQgotLS0tLUVORCBQVUJMSUMgS0VZLS0tLS0KL2NwZV9sYWJfNS8KMC1vR2F0dWdTSkFBQUFBQUFBQUFDUnl4Y0hHeEtwQlVsR0dEUVlUdkZtWWtiN0lMY2drXzU2UGpLVU40OURoMQ== 
1 devices in kripash
server 
67.0 total temp in kripash
server 
Receieved: REGISTER	1	password	0x1002b5875f78L	30820122300d06092a864886f70d01010105000382010f003082010a0282010100b3b050df4e1ae9ff3bad8fa6de682dbd0061233c95cc9c546e6784db3d9b5f371ff7dc172bff1a6bc5237c68485bb36cbf12f16035dd6164253257785471df2934b65b29856aaf47abed2c81e08a2a87aa7849838160f9abb8dea2ed2a6eb664323a598ee56413398fd17b2ac529586e4894b863a93b4a6d002b3475de1a9140cbcfb801328eccf374fae773c8bde155ba55ef7aed23199502b2e41e29197d0acc6cb572569e53ed67e4ed112e84ccd01751a594cbf3024e97978e90ead0fab97b542a769a1f988cd23fa9fc882b0fc24968ede0198f082d65217489dc1d6a294c2762c2b0629b9b9c4cfa37d813610cc07dce603724a7bc411e280c2d6bcc490203010001 
Sent: ACK	00	1	1557645189.19	221655eb047fe2f24d3ec3ad4048143d3485fb1c054ee9ea0185239d05e47582	30820122300d06092a864886f70d01010105000382010f003082010a0282010100ad9122f3e4ef8e3c9d794498192818be35e2d269ac5bd8615bb70edf6233891085b30ce957d72f268e59c6d0490e1f71354fbe6140732eb8716acb0741f9e3e49cc30fb82dcb3f20f397367fd14a54b92f098fb73742743bffe2ed85daf320a7996cb8ce5ff57ada8712b846df01aa03df13382589f6bc30eedb5886ca70cab0c061b05114866c0a0ce94c5249ecf65fe293ec9bb6cbe985ab91b4797363fea92c0d6626bdbebe5ee0232f49416db357c02d4fe8f78cfb325df0359f59df855b0d0467fdf0069c7713be15a36d407af0ae4112800016e5b0c5c9f808c071106440fb4b5e0ddf5dd718e207032cd60ec81caad5d57efd981cfac450683b87cac90203010001 
Receieved: LOGIN	1	password	192.168.1.8	51125 
Sent: ACK	70	1	1557645192.9	31c63946796a9195a024de3cefaaf9b0cbf5d41e1bc42b3bd526cd41b636abb4	0-oGatugSJAAAAAAAAAACRyxcHGxKpBUlGGDQYTvFmYkb7ILcgk_56PjKUN49Dh1 
Sent: QUERY	01	1	1557645193.9 
Receieved: DATA	01	1	1557645193.92	6	101100 
Sent: ACK	50	1	1557645194.47	968de9c4db2fab8e191ef23de949e6de28b5d898222fce93fe609de5053aeb26 
Total Devices Logged in: 1 at time 1557645211.76 
Average Temperature of Devices Logged in: 67.0 at time 1557645211.76 
Sent Email to: kripashcpelab@gmail.comwith message: a3JpcGFzaAotLS0tLUJFR0lOIFBVQkxJQyBLRVktLS0tLQpNSUlCSWpBTkJna3Foa2lHOXcwQkFRRUZBQU9DQVE4QU1JSUJDZ0tDQVFFQXJaRWk4K1R2amp5ZGVVU1lHU2dZCnZqWGkwbW1zVzloaFc3Y08zMkl6aVJDRnN3enBWOWN2Sm81Wnh0QkpEaDl4TlUrK1lVQnpMcmh4YXNzSFFmbmoKNUp6REQ3Z3R5ejhnODVjMmY5RktWTGt2Q1krM04wSjBPLy9pN1lYYTh5Q25tV3k0emwvMWV0cUhFcmhHM3dHcQpBOThUT0NXSjlyd3c3dHRZaHNwd3lyREFZYkJSRklac0NnenBURkpKN1BaZjRwUHNtN2JMNllXcmtiUjVjMlArCnFTd05aaWE5dnI1ZTRDTXZTVUZ0czFmQUxVL285NHo3TWwzd05aOVozNFZiRFFSbi9mQUduSGNUdmhXamJVQjYKOEs1QkVvQUFGdVd3eGNuNENNQnhFR1JBKzB0ZURkOWQxeGppQndNczFnN0lIS3JWMVg3OW1CejZ4RkJvTzRmSwp5UUlEQVFBQgotLS0tLUVORCBQVUJMSUMgS0VZLS0tLS0KL2NwZV9sYWJfNS8KMC1vR2F0dWdTSkFBQUFBQUFBQUFDUnl4Y0hHeEtwQlVsR0dEUVlUdkZtWWtiN0lMY2drXzU2UGpLVU40OURoMQ== 
1 devices in kripash
server 
68.0 total temp in kripash
server 
Total Devices Logged in: 1 at time 1557645243.0 
Average Temperature of Devices Logged in: 68.0 at time 1557645243.0 
Sent Email to: kripashcpelab@gmail.comwith message: a3JpcGFzaAotLS0tLUJFR0lOIFBVQkxJQyBLRVktLS0tLQpNSUlCSWpBTkJna3Foa2lHOXcwQkFRRUZBQU9DQVE4QU1JSUJDZ0tDQVFFQXJaRWk4K1R2amp5ZGVVU1lHU2dZCnZqWGkwbW1zVzloaFc3Y08zMkl6aVJDRnN3enBWOWN2Sm81Wnh0QkpEaDl4TlUrK1lVQnpMcmh4YXNzSFFmbmoKNUp6REQ3Z3R5ejhnODVjMmY5RktWTGt2Q1krM04wSjBPLy9pN1lYYTh5Q25tV3k0emwvMWV0cUhFcmhHM3dHcQpBOThUT0NXSjlyd3c3dHRZaHNwd3lyREFZYkJSRklac0NnenBURkpKN1BaZjRwUHNtN2JMNllXcmtiUjVjMlArCnFTd05aaWE5dnI1ZTRDTXZTVUZ0czFmQUxVL285NHo3TWwzd05aOVozNFZiRFFSbi9mQUduSGNUdmhXamJVQjYKOEs1QkVvQUFGdVd3eGNuNENNQnhFR1JBKzB0ZURkOWQxeGppQndNczFnN0lIS3JWMVg3OW1CejZ4RkJvTzRmSwp5UUlEQVFBQgotLS0tLUVORCBQVUJMSUMgS0VZLS0tLS0KL2NwZV9sYWJfNS8KMC1vR2F0dWdTSkFBQUFBQUFBQUFDUnl4Y0hHeEtwQlVsR0dEUVlUdkZtWWtiN0lMY2drXzU2UGpLVU40OURoMQ== 
1 devices in kripash
server 
73.0 total temp in kripash
server 
Total Devices Logged in: 1 at time 1557645274.33 
Average Temperature of Devices Logged in: 73.0 at time 1557645274.33 
Sent Email to: kripashcpelab@gmail.comwith message: a3JpcGFzaAotLS0tLUJFR0lOIFBVQkxJQyBLRVktLS0tLQpNSUlCSWpBTkJna3Foa2lHOXcwQkFRRUZBQU9DQVE4QU1JSUJDZ0tDQVFFQXJaRWk4K1R2amp5ZGVVU1lHU2dZCnZqWGkwbW1zVzloaFc3Y08zMkl6aVJDRnN3enBWOWN2Sm81Wnh0QkpEaDl4TlUrK1lVQnpMcmh4YXNzSFFmbmoKNUp6REQ3Z3R5ejhnODVjMmY5RktWTGt2Q1krM04wSjBPLy9pN1lYYTh5Q25tV3k0emwvMWV0cUhFcmhHM3dHcQpBOThUT0NXSjlyd3c3dHRZaHNwd3lyREFZYkJSRklac0NnenBURkpKN1BaZjRwUHNtN2JMNllXcmtiUjVjMlArCnFTd05aaWE5dnI1ZTRDTXZTVUZ0czFmQUxVL285NHo3TWwzd05aOVozNFZiRFFSbi9mQUduSGNUdmhXamJVQjYKOEs1QkVvQUFGdVd3eGNuNENNQnhFR1JBKzB0ZURkOWQxeGppQndNczFnN0lIS3JWMVg3OW1CejZ4RkJvTzRmSwp5UUlEQVFBQgotLS0tLUVORCBQVUJMSUMgS0VZLS0tLS0KL2NwZV9sYWJfNS8KMC1vR2F0dWdTSkFBQUFBQUFBQUFDUnl4Y0hHeEtwQlVsR0dEUVlUdkZtWWtiN0lMY2drXzU2UGpLVU40OURoMQ== 
1 devices in kripash
server 
67.0 total temp in kripash
server 
Total Devices Logged in: 1 at time 1557645305.49 
Average Temperature of Devices Logged in: 67.0 at time 1557645305.49 
Sent Email to: kripashcpelab@gmail.comwith message: a3JpcGFzaAotLS0tLUJFR0lOIFBVQkxJQyBLRVktLS0tLQpNSUlCSWpBTkJna3Foa2lHOXcwQkFRRUZBQU9DQVE4QU1JSUJDZ0tDQVFFQXJaRWk4K1R2amp5ZGVVU1lHU2dZCnZqWGkwbW1zVzloaFc3Y08zMkl6aVJDRnN3enBWOWN2Sm81Wnh0QkpEaDl4TlUrK1lVQnpMcmh4YXNzSFFmbmoKNUp6REQ3Z3R5ejhnODVjMmY5RktWTGt2Q1krM04wSjBPLy9pN1lYYTh5Q25tV3k0emwvMWV0cUhFcmhHM3dHcQpBOThUT0NXSjlyd3c3dHRZaHNwd3lyREFZYkJSRklac0NnenBURkpKN1BaZjRwUHNtN2JMNllXcmtiUjVjMlArCnFTd05aaWE5dnI1ZTRDTXZTVUZ0czFmQUxVL285NHo3TWwzd05aOVozNFZiRFFSbi9mQUduSGNUdmhXamJVQjYKOEs1QkVvQUFGdVd3eGNuNENNQnhFR1JBKzB0ZURkOWQxeGppQndNczFnN0lIS3JWMVg3OW1CejZ4RkJvTzRmSwp5UUlEQVFBQgotLS0tLUVORCBQVUJMSUMgS0VZLS0tLS0KL2NwZV9sYWJfNS8KMC1vR2F0dWdTSkFBQUFBQUFBQUFDUnl4Y0hHeEtwQlVsR0dEUVlUdkZtWWtiN0lMY2drXzU2UGpLVU40OURoMQ== 
1 devices in kripash
server 
67.0 total temp in kripash
server 
Total Devices Logged in: 1 at time 1557645336.9 
Average Temperature of Devices Logged in: 67.0 at time 1557645336.9 
Sent Email to: kripashcpelab@gmail.comwith message: a3JpcGFzaAotLS0tLUJFR0lOIFBVQkxJQyBLRVktLS0tLQpNSUlCSWpBTkJna3Foa2lHOXcwQkFRRUZBQU9DQVE4QU1JSUJDZ0tDQVFFQXJaRWk4K1R2amp5ZGVVU1lHU2dZCnZqWGkwbW1zVzloaFc3Y08zMkl6aVJDRnN3enBWOWN2Sm81Wnh0QkpEaDl4TlUrK1lVQnpMcmh4YXNzSFFmbmoKNUp6REQ3Z3R5ejhnODVjMmY5RktWTGt2Q1krM04wSjBPLy9pN1lYYTh5Q25tV3k0emwvMWV0cUhFcmhHM3dHcQpBOThUT0NXSjlyd3c3dHRZaHNwd3lyREFZYkJSRklac0NnenBURkpKN1BaZjRwUHNtN2JMNllXcmtiUjVjMlArCnFTd05aaWE5dnI1ZTRDTXZTVUZ0czFmQUxVL285NHo3TWwzd05aOVozNFZiRFFSbi9mQUduSGNUdmhXamJVQjYKOEs1QkVvQUFGdVd3eGNuNENNQnhFR1JBKzB0ZURkOWQxeGppQndNczFnN0lIS3JWMVg3OW1CejZ4RkJvTzRmSwp5UUlEQVFBQgotLS0tLUVORCBQVUJMSUMgS0VZLS0tLS0KL2NwZV9sYWJfNS8KMC1vR2F0dWdTSkFBQUFBQUFBQUFDUnl4Y0hHeEtwQlVsR0dEUVlUdkZtWWtiN0lMY2drXzU2UGpLVU40OURoMQ== 
1 devices in kripash
server 
67.0 total temp in kripash
server 
Total Devices Logged in: 1 at time 1557645367.94 
Average Temperature of Devices Logged in: 67.0 at time 1557645367.94 
Sent Email to: kripashcpelab@gmail.comwith message: a3JpcGFzaAotLS0tLUJFR0lOIFBVQkxJQyBLRVktLS0tLQpNSUlCSWpBTkJna3Foa2lHOXcwQkFRRUZBQU9DQVE4QU1JSUJDZ0tDQVFFQXJaRWk4K1R2amp5ZGVVU1lHU2dZCnZqWGkwbW1zVzloaFc3Y08zMkl6aVJDRnN3enBWOWN2Sm81Wnh0QkpEaDl4TlUrK1lVQnpMcmh4YXNzSFFmbmoKNUp6REQ3Z3R5ejhnODVjMmY5RktWTGt2Q1krM04wSjBPLy9pN1lYYTh5Q25tV3k0emwvMWV0cUhFcmhHM3dHcQpBOThUT0NXSjlyd3c3dHRZaHNwd3lyREFZYkJSRklac0NnenBURkpKN1BaZjRwUHNtN2JMNllXcmtiUjVjMlArCnFTd05aaWE5dnI1ZTRDTXZTVUZ0czFmQUxVL285NHo3TWwzd05aOVozNFZiRFFSbi9mQUduSGNUdmhXamJVQjYKOEs1QkVvQUFGdVd3eGNuNENNQnhFR1JBKzB0ZURkOWQxeGppQndNczFnN0lIS3JWMVg3OW1CejZ4RkJvTzRmSwp5UUlEQVFBQgotLS0tLUVORCBQVUJMSUMgS0VZLS0tLS0KL2NwZV9sYWJfNS8KMC1vR2F0dWdTSkFBQUFBQUFBQUFDUnl4Y0hHeEtwQlVsR0dEUVlUdkZtWWtiN0lMY2drXzU2UGpLVU40OURoMQ== 
1 devices in kripash
server 
67.0 total temp in kripash
server 
Total Devices Logged in: 1 at time 1557645398.98 
Average Temperature of Devices Logged in: 67.0 at time 1557645398.98 
Sent Email to: kripashcpelab@gmail.comwith message: a3JpcGFzaAotLS0tLUJFR0lOIFBVQkxJQyBLRVktLS0tLQpNSUlCSWpBTkJna3Foa2lHOXcwQkFRRUZBQU9DQVE4QU1JSUJDZ0tDQVFFQXJaRWk4K1R2amp5ZGVVU1lHU2dZCnZqWGkwbW1zVzloaFc3Y08zMkl6aVJDRnN3enBWOWN2Sm81Wnh0QkpEaDl4TlUrK1lVQnpMcmh4YXNzSFFmbmoKNUp6REQ3Z3R5ejhnODVjMmY5RktWTGt2Q1krM04wSjBPLy9pN1lYYTh5Q25tV3k0emwvMWV0cUhFcmhHM3dHcQpBOThUT0NXSjlyd3c3dHRZaHNwd3lyREFZYkJSRklac0NnenBURkpKN1BaZjRwUHNtN2JMNllXcmtiUjVjMlArCnFTd05aaWE5dnI1ZTRDTXZTVUZ0czFmQUxVL285NHo3TWwzd05aOVozNFZiRFFSbi9mQUduSGNUdmhXamJVQjYKOEs1QkVvQUFGdVd3eGNuNENNQnhFR1JBKzB0ZURkOWQxeGppQndNczFnN0lIS3JWMVg3OW1CejZ4RkJvTzRmSwp5UUlEQVFBQgotLS0tLUVORCBQVUJMSUMgS0VZLS0tLS0KL2NwZV9sYWJfNS8KMC1vR2F0dWdTSkFBQUFBQUFBQUFDUnl4Y0hHeEtwQlVsR0dEUVlUdkZtWWtiN0lMY2drXzU2UGpLVU40OURoMQ== 
1 devices in kripash
server 
67.0 total temp in kripash
server 
Total Devices Logged in: 1 at time 1557645429.93 
Average Temperature of Devices Logged in: 67.0 at time 1557645429.93 
Sent Email to: kripashcpelab@gmail.comwith message: a3JpcGFzaAotLS0tLUJFR0lOIFBVQkxJQyBLRVktLS0tLQpNSUlCSWpBTkJna3Foa2lHOXcwQkFRRUZBQU9DQVE4QU1JSUJDZ0tDQVFFQXJaRWk4K1R2amp5ZGVVU1lHU2dZCnZqWGkwbW1zVzloaFc3Y08zMkl6aVJDRnN3enBWOWN2Sm81Wnh0QkpEaDl4TlUrK1lVQnpMcmh4YXNzSFFmbmoKNUp6REQ3Z3R5ejhnODVjMmY5RktWTGt2Q1krM04wSjBPLy9pN1lYYTh5Q25tV3k0emwvMWV0cUhFcmhHM3dHcQpBOThUT0NXSjlyd3c3dHRZaHNwd3lyREFZYkJSRklac0NnenBURkpKN1BaZjRwUHNtN2JMNllXcmtiUjVjMlArCnFTd05aaWE5dnI1ZTRDTXZTVUZ0czFmQUxVL285NHo3TWwzd05aOVozNFZiRFFSbi9mQUduSGNUdmhXamJVQjYKOEs1QkVvQUFGdVd3eGNuNENNQnhFR1JBKzB0ZURkOWQxeGppQndNczFnN0lIS3JWMVg3OW1CejZ4RkJvTzRmSwp5UUlEQVFBQgotLS0tLUVORCBQVUJMSUMgS0VZLS0tLS0KL2NwZV9sYWJfNS8KMC1vR2F0dWdTSkFBQUFBQUFBQUFDUnl4Y0hHeEtwQlVsR0dEUVlUdkZtWWtiN0lMY2drXzU2UGpLVU40OURoMQ== 
1 devices in kripash
server 
67.0 total temp in kripash
server 
Total Devices Logged in: 1 at time 1557645460.92 
Average Temperature of Devices Logged in: 67.0 at time 1557645460.92 
Sent Email to: kripashcpelab@gmail.comwith message: a3JpcGFzaAotLS0tLUJFR0lOIFBVQkxJQyBLRVktLS0tLQpNSUlCSWpBTkJna3Foa2lHOXcwQkFRRUZBQU9DQVE4QU1JSUJDZ0tDQVFFQXJaRWk4K1R2amp5ZGVVU1lHU2dZCnZqWGkwbW1zVzloaFc3Y08zMkl6aVJDRnN3enBWOWN2Sm81Wnh0QkpEaDl4TlUrK1lVQnpMcmh4YXNzSFFmbmoKNUp6REQ3Z3R5ejhnODVjMmY5RktWTGt2Q1krM04wSjBPLy9pN1lYYTh5Q25tV3k0emwvMWV0cUhFcmhHM3dHcQpBOThUT0NXSjlyd3c3dHRZaHNwd3lyREFZYkJSRklac0NnenBURkpKN1BaZjRwUHNtN2JMNllXcmtiUjVjMlArCnFTd05aaWE5dnI1ZTRDTXZTVUZ0czFmQUxVL285NHo3TWwzd05aOVozNFZiRFFSbi9mQUduSGNUdmhXamJVQjYKOEs1QkVvQUFGdVd3eGNuNENNQnhFR1JBKzB0ZURkOWQxeGppQndNczFnN0lIS3JWMVg3OW1CejZ4RkJvTzRmSwp5UUlEQVFBQgotLS0tLUVORCBQVUJMSUMgS0VZLS0tLS0KL2NwZV9sYWJfNS8KMC1vR2F0dWdTSkFBQUFBQUFBQUFDUnl4Y0hHeEtwQlVsR0dEUVlUdkZtWWtiN0lMY2drXzU2UGpLVU40OURoMQ== 
1 devices in kripash
server 
67.0 total temp in kripash
server 
Total Devices Logged in: 1 at time 1557645491.94 
Average Temperature of Devices Logged in: 67.0 at time 1557645491.94 
Sent Email to: kripashcpelab@gmail.comwith message: a3JpcGFzaAotLS0tLUJFR0lOIFBVQkxJQyBLRVktLS0tLQpNSUlCSWpBTkJna3Foa2lHOXcwQkFRRUZBQU9DQVE4QU1JSUJDZ0tDQVFFQXJaRWk4K1R2amp5ZGVVU1lHU2dZCnZqWGkwbW1zVzloaFc3Y08zMkl6aVJDRnN3enBWOWN2Sm81Wnh0QkpEaDl4TlUrK1lVQnpMcmh4YXNzSFFmbmoKNUp6REQ3Z3R5ejhnODVjMmY5RktWTGt2Q1krM04wSjBPLy9pN1lYYTh5Q25tV3k0emwvMWV0cUhFcmhHM3dHcQpBOThUT0NXSjlyd3c3dHRZaHNwd3lyREFZYkJSRklac0NnenBURkpKN1BaZjRwUHNtN2JMNllXcmtiUjVjMlArCnFTd05aaWE5dnI1ZTRDTXZTVUZ0czFmQUxVL285NHo3TWwzd05aOVozNFZiRFFSbi9mQUduSGNUdmhXamJVQjYKOEs1QkVvQUFGdVd3eGNuNENNQnhFR1JBKzB0ZURkOWQxeGppQndNczFnN0lIS3JWMVg3OW1CejZ4RkJvTzRmSwp5UUlEQVFBQgotLS0tLUVORCBQVUJMSUMgS0VZLS0tLS0KL2NwZV9sYWJfNS8KMC1vR2F0dWdTSkFBQUFBQUFBQUFDUnl4Y0hHeEtwQlVsR0dEUVlUdkZtWWtiN0lMY2drXzU2UGpLVU40OURoMQ== 
1 devices in kripash
server 
67.0 total temp in kripash
server 
Total Devices Logged in: 1 at time 1557645522.98 
Average Temperature of Devices Logged in: 67.0 at time 1557645522.98 
